Analysis & Synthesis report for Electric_Piano
Wed Dec 21 17:07:17 2016
Quartus II 64-Bit Version 15.0.0 Build 145 04/22/2015 SJ Full Version


---------------------
; Table of Contents ;
---------------------
  1. Legal Notice
  2. Analysis & Synthesis Summary
  3. Analysis & Synthesis Settings
  4. Parallel Compilation
  5. Analysis & Synthesis Source Files Read
  6. Analysis & Synthesis Resource Usage Summary
  7. Analysis & Synthesis Resource Utilization by Entity
  8. State Machine - |Electric_Piano|Array_KeyBoard:Array_KeyBoard_uut|c_state
  9. Registers Removed During Synthesis
 10. General Register Statistics
 11. Inverted Register Statistics
 12. Multiplexer Restructuring Statistics (Restructuring Performed)
 13. Parameter Settings for User Entity Instance: Array_KeyBoard:Array_KeyBoard_uut
 14. Port Connectivity Checks: "Array_KeyBoard:Array_KeyBoard_uut"
 15. Post-Synthesis Netlist Statistics for Top Partition
 16. Elapsed Time Per Partition
 17. Analysis & Synthesis Messages



----------------
; Legal Notice ;
----------------
Copyright (C) 1991-2015 Altera Corporation. All rights reserved.
Your use of Altera Corporation's design tools, logic functions 
and other software and tools, and its AMPP partner logic 
functions, and any output files from any of the foregoing 
(including device programming or simulation files), and any 
associated documentation or information are expressly subject 
to the terms and conditions of the Altera Program License 
Subscription Agreement, the Altera Quartus II License Agreement,
the Altera MegaCore Function License Agreement, or other 
applicable license agreement, including, without limitation, 
that your use is for the sole purpose of programming logic 
devices manufactured by Altera and sold by Altera or its 
authorized distributors.  Please refer to the applicable 
agreement for further details.



+----------------------------------------------------------------------------------+
; Analysis & Synthesis Summary                                                     ;
+------------------------------------+---------------------------------------------+
; Analysis & Synthesis Status        ; Successful - Wed Dec 21 17:07:16 2016       ;
; Quartus II 64-Bit Version          ; 15.0.0 Build 145 04/22/2015 SJ Full Version ;
; Revision Name                      ; Electric_Piano                              ;
; Top-level Entity Name              ; Electric_Piano                              ;
; Family                             ; MAX 10                                      ;
; Total logic elements               ; 158                                         ;
;     Total combinational functions  ; 154                                         ;
;     Dedicated logic registers      ; 60                                          ;
; Total registers                    ; 60                                          ;
; Total pins                         ; 11                                          ;
; Total virtual pins                 ; 0                                           ;
; Total memory bits                  ; 0                                           ;
; Embedded Multiplier 9-bit elements ; 0                                           ;
; Total PLLs                         ; 0                                           ;
; UFM blocks                         ; 0                                           ;
; ADC blocks                         ; 0                                           ;
+------------------------------------+---------------------------------------------+


+----------------------------------------------------------------------------------------------------------------------+
; Analysis & Synthesis Settings                                                                                        ;
+----------------------------------------------------------------------------+--------------------+--------------------+
; Option                                                                     ; Setting            ; Default Value      ;
+----------------------------------------------------------------------------+--------------------+--------------------+
; Device                                                                     ; 10M02SCM153I7G     ;                    ;
; Top-level entity name                                                      ; Electric_Piano     ; Electric_Piano     ;
; Family name                                                                ; MAX 10             ; Cyclone V          ;
; Use smart compilation                                                      ; Off                ; Off                ;
; Enable parallel Assembler and TimeQuest Timing Analyzer during compilation ; On                 ; On                 ;
; Enable compact report table                                                ; Off                ; Off                ;
; Restructure Multiplexers                                                   ; Auto               ; Auto               ;
; Create Debugging Nodes for IP Cores                                        ; Off                ; Off                ;
; Preserve fewer node names                                                  ; On                 ; On                 ;
; Disable OpenCore Plus hardware evaluation                                  ; Off                ; Off                ;
; Verilog Version                                                            ; Verilog_2001       ; Verilog_2001       ;
; VHDL Version                                                               ; VHDL_1993          ; VHDL_1993          ;
; State Machine Processing                                                   ; Auto               ; Auto               ;
; Safe State Machine                                                         ; Off                ; Off                ;
; Extract Verilog State Machines                                             ; On                 ; On                 ;
; Extract VHDL State Machines                                                ; On                 ; On                 ;
; Ignore Verilog initial constructs                                          ; Off                ; Off                ;
; Iteration limit for constant Verilog loops                                 ; 5000               ; 5000               ;
; Iteration limit for non-constant Verilog loops                             ; 250                ; 250                ;
; Add Pass-Through Logic to Inferred RAMs                                    ; On                 ; On                 ;
; Infer RAMs from Raw Logic                                                  ; On                 ; On                 ;
; Parallel Synthesis                                                         ; On                 ; On                 ;
; DSP Block Balancing                                                        ; Auto               ; Auto               ;
; NOT Gate Push-Back                                                         ; On                 ; On                 ;
; Power-Up Don't Care                                                        ; On                 ; On                 ;
; Remove Redundant Logic Cells                                               ; Off                ; Off                ;
; Remove Duplicate Registers                                                 ; On                 ; On                 ;
; Ignore CARRY Buffers                                                       ; Off                ; Off                ;
; Ignore CASCADE Buffers                                                     ; Off                ; Off                ;
; Ignore GLOBAL Buffers                                                      ; Off                ; Off                ;
; Ignore ROW GLOBAL Buffers                                                  ; Off                ; Off                ;
; Ignore LCELL Buffers                                                       ; Off                ; Off                ;
; Ignore SOFT Buffers                                                        ; On                 ; On                 ;
; Limit AHDL Integers to 32 Bits                                             ; Off                ; Off                ;
; Optimization Technique                                                     ; Balanced           ; Balanced           ;
; Carry Chain Length                                                         ; 70                 ; 70                 ;
; Auto Carry Chains                                                          ; On                 ; On                 ;
; Auto Open-Drain Pins                                                       ; On                 ; On                 ;
; Perform WYSIWYG Primitive Resynthesis                                      ; Off                ; Off                ;
; Auto ROM Replacement                                                       ; On                 ; On                 ;
; Auto RAM Replacement                                                       ; On                 ; On                 ;
; Auto DSP Block Replacement                                                 ; On                 ; On                 ;
; Auto Shift Register Replacement                                            ; Auto               ; Auto               ;
; Allow Shift Register Merging across Hierarchies                            ; Auto               ; Auto               ;
; Auto Clock Enable Replacement                                              ; On                 ; On                 ;
; Strict RAM Replacement                                                     ; Off                ; Off                ;
; Allow Synchronous Control Signals                                          ; On                 ; On                 ;
; Force Use of Synchronous Clear Signals                                     ; Off                ; Off                ;
; Auto RAM Block Balancing                                                   ; On                 ; On                 ;
; Auto RAM to Logic Cell Conversion                                          ; Off                ; Off                ;
; Auto Resource Sharing                                                      ; Off                ; Off                ;
; Allow Any RAM Size For Recognition                                         ; Off                ; Off                ;
; Allow Any ROM Size For Recognition                                         ; Off                ; Off                ;
; Allow Any Shift Register Size For Recognition                              ; Off                ; Off                ;
; Use LogicLock Constraints during Resource Balancing                        ; On                 ; On                 ;
; Ignore translate_off and synthesis_off directives                          ; Off                ; Off                ;
; Timing-Driven Synthesis                                                    ; On                 ; On                 ;
; Report Parameter Settings                                                  ; On                 ; On                 ;
; Report Source Assignments                                                  ; On                 ; On                 ;
; Report Connectivity Checks                                                 ; On                 ; On                 ;
; Ignore Maximum Fan-Out Assignments                                         ; Off                ; Off                ;
; Synchronization Register Chain Length                                      ; 2                  ; 2                  ;
; PowerPlay Power Optimization During Synthesis                              ; Normal compilation ; Normal compilation ;
; HDL message level                                                          ; Level2             ; Level2             ;
; Suppress Register Optimization Related Messages                            ; Off                ; Off                ;
; Number of Removed Registers Reported in Synthesis Report                   ; 5000               ; 5000               ;
; Number of Swept Nodes Reported in Synthesis Report                         ; 5000               ; 5000               ;
; Number of Inverted Registers Reported in Synthesis Report                  ; 100                ; 100                ;
; Clock MUX Protection                                                       ; On                 ; On                 ;
; Auto Gated Clock Conversion                                                ; Off                ; Off                ;
; Block Design Naming                                                        ; Auto               ; Auto               ;
; SDC constraint protection                                                  ; Off                ; Off                ;
; Synthesis Effort                                                           ; Auto               ; Auto               ;
; Shift Register Replacement - Allow Asynchronous Clear Signal               ; On                 ; On                 ;
; Pre-Mapping Resynthesis Optimization                                       ; Off                ; Off                ;
; Analysis & Synthesis Message Level                                         ; Medium             ; Medium             ;
; Disable Register Merging Across Hierarchies                                ; Auto               ; Auto               ;
; Resource Aware Inference For Block RAM                                     ; On                 ; On                 ;
; Synthesis Seed                                                             ; 1                  ; 1                  ;
+----------------------------------------------------------------------------+--------------------+--------------------+


+------------------------------------------+
; Parallel Compilation                     ;
+----------------------------+-------------+
; Processors                 ; Number      ;
+----------------------------+-------------+
; Number detected on machine ; 4           ;
; Maximum allowed            ; 2           ;
;                            ;             ;
; Average used               ; 1.00        ;
; Maximum used               ; 1           ;
;                            ;             ;
; Usage by Processor         ; % Time Used ;
;     Processor 1            ; 100.0%      ;
;     Processors 2-4         ;   0.0%      ;
+----------------------------+-------------+


+---------------------------------------------------------------------------------------------------------------------------------------+
; Analysis & Synthesis Source Files Read                                                                                                ;
+----------------------------------+-----------------+------------------------+-----------------------------------------------+---------+
; File Name with User-Entered Path ; Used in Netlist ; File Type              ; File Name with Absolute Path                  ; Library ;
+----------------------------------+-----------------+------------------------+-----------------------------------------------+---------+
; Electric_Piano.v                 ; yes             ; User Verilog HDL File  ; F:/MAX10_STEP/Electric_Piano/Electric_Piano.v ;         ;
; Beeper.v                         ; yes             ; User Verilog HDL File  ; F:/MAX10_STEP/Electric_Piano/Beeper.v         ;         ;
; Array_KeyBoard.v                 ; yes             ; User Verilog HDL File  ; F:/MAX10_STEP/Electric_Piano/Array_KeyBoard.v ;         ;
+----------------------------------+-----------------+------------------------+-----------------------------------------------+---------+


+--------------------------------------------------------------+
; Analysis & Synthesis Resource Usage Summary                  ;
+---------------------------------------------+----------------+
; Resource                                    ; Usage          ;
+---------------------------------------------+----------------+
; Estimated Total logic elements              ; 158            ;
;                                             ;                ;
; Total combinational functions               ; 154            ;
; Logic element usage by number of LUT inputs ;                ;
;     -- 4 input functions                    ; 57             ;
;     -- 3 input functions                    ; 32             ;
;     -- <=2 input functions                  ; 65             ;
;                                             ;                ;
; Logic elements by mode                      ;                ;
;     -- normal mode                          ; 107            ;
;     -- arithmetic mode                      ; 47             ;
;                                             ;                ;
; Total registers                             ; 60             ;
;     -- Dedicated logic registers            ; 60             ;
;     -- I/O registers                        ; 0              ;
;                                             ;                ;
; I/O pins                                    ; 11             ;
;                                             ;                ;
; Embedded Multiplier 9-bit elements          ; 0              ;
;                                             ;                ;
; Maximum fan-out node                        ; rst_n_in~input ;
; Maximum fan-out                             ; 60             ;
; Total fan-out                               ; 678            ;
; Average fan-out                             ; 2.87           ;
+---------------------------------------------+----------------+


+-------------------------------------------------------------------------------------------------------------------------------------------------------------------------------------------------------------------------------------------------+
; Analysis & Synthesis Resource Utilization by Entity                                                                                                                                                                                             ;
+----------------------------------------+-------------------+--------------+-------------+------------+--------------+---------+-----------+------+--------------+------------+---------------------------------------------------+--------------+
; Compilation Hierarchy Node             ; LC Combinationals ; LC Registers ; Memory Bits ; UFM Blocks ; DSP Elements ; DSP 9x9 ; DSP 18x18 ; Pins ; Virtual Pins ; ADC blocks ; Full Hierarchy Name                               ; Library Name ;
+----------------------------------------+-------------------+--------------+-------------+------------+--------------+---------+-----------+------+--------------+------------+---------------------------------------------------+--------------+
; |Electric_Piano                        ; 154 (1)           ; 60 (0)       ; 0           ; 0          ; 0            ; 0       ; 0         ; 11   ; 0            ; 0          ; |Electric_Piano                                   ; work         ;
;    |Array_KeyBoard:Array_KeyBoard_uut| ; 43 (43)           ; 41 (41)      ; 0           ; 0          ; 0            ; 0       ; 0         ; 0    ; 0            ; 0          ; |Electric_Piano|Array_KeyBoard:Array_KeyBoard_uut ; work         ;
;    |Beeper:Beeper_uut|                 ; 110 (110)         ; 19 (19)      ; 0           ; 0          ; 0            ; 0       ; 0         ; 0    ; 0            ; 0          ; |Electric_Piano|Beeper:Beeper_uut                 ; work         ;
+----------------------------------------+-------------------+--------------+-------------+------------+--------------+---------+-----------+------+--------------+------------+---------------------------------------------------+--------------+
Note: For table entries with two numbers listed, the numbers in parentheses indicate the number of resources of the given type used by the specific entity alone. The numbers listed outside of parentheses indicate the total resources of the given type used by the specific entity and all of its sub-entities in the hierarchy.


Encoding Type:  One-Hot
+------------------------------------------------------------------------------------+
; State Machine - |Electric_Piano|Array_KeyBoard:Array_KeyBoard_uut|c_state          ;
+----------------+----------------+----------------+----------------+----------------+
; Name           ; c_state.STATE3 ; c_state.STATE2 ; c_state.STATE1 ; c_state.STATE0 ;
+----------------+----------------+----------------+----------------+----------------+
; c_state.STATE0 ; 0              ; 0              ; 0              ; 0              ;
; c_state.STATE1 ; 0              ; 0              ; 1              ; 1              ;
; c_state.STATE2 ; 0              ; 1              ; 0              ; 1              ;
; c_state.STATE3 ; 1              ; 0              ; 0              ; 1              ;
+----------------+----------------+----------------+----------------+----------------+


+------------------------------------------------------------------+
; Registers Removed During Synthesis                               ;
+---------------------------------------------+--------------------+
; Register name                               ; Reason for Removal ;
+---------------------------------------------+--------------------+
; Array_KeyBoard:Array_KeyBoard_uut|c_state~4 ; Lost fanout        ;
; Array_KeyBoard:Array_KeyBoard_uut|c_state~5 ; Lost fanout        ;
; Total Number of Removed Registers = 2       ;                    ;
+---------------------------------------------+--------------------+


+------------------------------------------------------+
; General Register Statistics                          ;
+----------------------------------------------+-------+
; Statistic                                    ; Value ;
+----------------------------------------------+-------+
; Total registers                              ; 60    ;
; Number of registers using Synchronous Clear  ; 34    ;
; Number of registers using Synchronous Load   ; 0     ;
; Number of registers using Asynchronous Clear ; 60    ;
; Number of registers using Asynchronous Load  ; 0     ;
; Number of registers using Clock Enable       ; 16    ;
; Number of registers using Preset             ; 0     ;
+----------------------------------------------+-------+


+---------------------------------------------------------+
; Inverted Register Statistics                            ;
+-----------------------------------------------+---------+
; Inverted Register                             ; Fan out ;
+-----------------------------------------------+---------+
; Array_KeyBoard:Array_KeyBoard_uut|row[1]      ; 1       ;
; Array_KeyBoard:Array_KeyBoard_uut|row[2]      ; 1       ;
; Array_KeyBoard:Array_KeyBoard_uut|row[3]      ; 1       ;
; Beeper:Beeper_uut|piano_out                   ; 2       ;
; Array_KeyBoard:Array_KeyBoard_uut|key_out[5]  ; 5       ;
; Array_KeyBoard:Array_KeyBoard_uut|key_out[6]  ; 5       ;
; Array_KeyBoard:Array_KeyBoard_uut|key_out[4]  ; 5       ;
; Array_KeyBoard:Array_KeyBoard_uut|key_out[3]  ; 4       ;
; Array_KeyBoard:Array_KeyBoard_uut|key_out[2]  ; 4       ;
; Array_KeyBoard:Array_KeyBoard_uut|key_out[1]  ; 6       ;
; Array_KeyBoard:Array_KeyBoard_uut|key_out[0]  ; 6       ;
; Array_KeyBoard:Array_KeyBoard_uut|key_out[9]  ; 6       ;
; Array_KeyBoard:Array_KeyBoard_uut|key_out[8]  ; 6       ;
; Array_KeyBoard:Array_KeyBoard_uut|key_out[7]  ; 6       ;
; Array_KeyBoard:Array_KeyBoard_uut|key_out[14] ; 5       ;
; Array_KeyBoard:Array_KeyBoard_uut|key_out[15] ; 5       ;
; Array_KeyBoard:Array_KeyBoard_uut|key_out[13] ; 6       ;
; Array_KeyBoard:Array_KeyBoard_uut|key_out[12] ; 5       ;
; Array_KeyBoard:Array_KeyBoard_uut|key_out[10] ; 5       ;
; Array_KeyBoard:Array_KeyBoard_uut|key_out[11] ; 6       ;
; Total number of inverted registers = 20       ;         ;
+-----------------------------------------------+---------+


+-------------------------------------------------------------------------------------------------------------------------------------------------------------+
; Multiplexer Restructuring Statistics (Restructuring Performed)                                                                                              ;
+--------------------+-----------+---------------+----------------------+------------------------+------------+-----------------------------------------------+
; Multiplexer Inputs ; Bus Width ; Baseline Area ; Area if Restructured ; Saving if Restructured ; Registered ; Example Multiplexer Output                    ;
+--------------------+-----------+---------------+----------------------+------------------------+------------+-----------------------------------------------+
; 3:1                ; 18 bits   ; 36 LEs        ; 18 LEs               ; 18 LEs                 ; Yes        ; |Electric_Piano|Beeper:Beeper_uut|time_cnt[1] ;
+--------------------+-----------+---------------+----------------------+------------------------+------------+-----------------------------------------------+


+--------------------------------------------------------------------------------+
; Parameter Settings for User Entity Instance: Array_KeyBoard:Array_KeyBoard_uut ;
+----------------+-------+-------------------------------------------------------+
; Parameter Name ; Value ; Type                                                  ;
+----------------+-------+-------------------------------------------------------+
; NUM_FOR_200HZ  ; 60000 ; Signed Integer                                        ;
+----------------+-------+-------------------------------------------------------+
Note: In order to hide this table in the UI and the text report file, please set the "Show Parameter Settings in Synthesis Report" option in "Analysis and Synthesis Settings -> More Settings" to "Off".


+---------------------------------------------------------------------------------------------------------------------+
; Port Connectivity Checks: "Array_KeyBoard:Array_KeyBoard_uut"                                                       ;
+-----------+--------+----------+-------------------------------------------------------------------------------------+
; Port      ; Type   ; Severity ; Details                                                                             ;
+-----------+--------+----------+-------------------------------------------------------------------------------------+
; key_pulse ; Output ; Info     ; Connected to dangling logic. Logic that only feeds a dangling port will be removed. ;
+-----------+--------+----------+-------------------------------------------------------------------------------------+


+-----------------------------------------------------+
; Post-Synthesis Netlist Statistics for Top Partition ;
+-----------------------+-----------------------------+
; Type                  ; Count                       ;
+-----------------------+-----------------------------+
; boundary_port         ; 11                          ;
; cycloneiii_ff         ; 60                          ;
;     CLR               ; 10                          ;
;     CLR SCLR          ; 34                          ;
;     ENA CLR           ; 16                          ;
; cycloneiii_lcell_comb ; 158                         ;
;     arith             ; 47                          ;
;         2 data inputs ; 32                          ;
;         3 data inputs ; 15                          ;
;     normal            ; 111                         ;
;         1 data inputs ; 26                          ;
;         2 data inputs ; 11                          ;
;         3 data inputs ; 17                          ;
;         4 data inputs ; 57                          ;
;                       ;                             ;
; Max LUT depth         ; 12.10                       ;
; Average LUT depth     ; 6.06                        ;
+-----------------------+-----------------------------+


+-------------------------------+
; Elapsed Time Per Partition    ;
+----------------+--------------+
; Partition Name ; Elapsed Time ;
+----------------+--------------+
; Top            ; 00:00:01     ;
+----------------+--------------+


+-------------------------------+
; Analysis & Synthesis Messages ;
+-------------------------------+
Info: *******************************************************************
Info: Running Quartus II 64-Bit Analysis & Synthesis
    Info: Version 15.0.0 Build 145 04/22/2015 SJ Full Version
    Info: Processing started: Wed Dec 21 17:06:46 2016
Info: Command: quartus_map --read_settings_files=on --write_settings_files=off Electric_Piano -c Electric_Piano
Info (11104): Parallel Compilation has detected 4 hyper-threaded processors. However, the extra hyper-threaded processors will not be used by default. Parallel Compilation will use 2 of the 2 physical processors detected instead.
Info (12021): Found 1 design units, including 1 entities, in source file electric_piano.v
    Info (12023): Found entity 1: Electric_Piano
Info (12021): Found 1 design units, including 1 entities, in source file beeper.v
    Info (12023): Found entity 1: Beeper
Info (12021): Found 1 design units, including 1 entities, in source file array_keyboard.v
    Info (12023): Found entity 1: Array_KeyBoard
Info (12127): Elaborating entity "Electric_Piano" for the top level hierarchy
Info (12128): Elaborating entity "Array_KeyBoard" for hierarchy "Array_KeyBoard:Array_KeyBoard_uut"
Info (12128): Elaborating entity "Beeper" for hierarchy "Beeper:Beeper_uut"
Info (10264): Verilog HDL Case Statement information at Beeper.v(30): all case item expressions in this case statement are onehot
Info (13000): Registers with preset signals will power-up high
Info (13003): DEV_CLRn pin will set, and not reset, register with preset signal due to NOT Gate Push-Back
Info (286030): Timing-Driven Synthesis is running
Info (17049): 2 registers lost all their fanouts during netlist optimizations.
Info (16010): Generating hard_block partition "hard_block:auto_generated_inst"
    Info (16011): Adding 0 node(s), including 0 DDIO, 0 PLL, 0 transceiver and 0 LCELL
Info (21057): Implemented 169 device resources after synthesis - the final resource count might be different
    Info (21058): Implemented 6 input pins
    Info (21059): Implemented 5 output pins
    Info (21061): Implemented 158 logic cells
Info: Quartus II 64-Bit Analysis & Synthesis was successful. 0 errors, 0 warnings
    Info: Peak virtual memory: 692 megabytes
    Info: Processing ended: Wed Dec 21 17:07:17 2016
    Info: Elapsed time: 00:00:31
    Info: Total CPU time (on all processors): 00:01:09


